<?xml version="1.0" encoding="UTF-8"?>
<!-- Generated by org.testng.reporters.JUnitReportReporter -->
<testsuite skipped="0" hostname="DESKTOP-TQII0PK" name="com.qa.hubspot.tests.contactsPageTest" tests="4" failures="0" timestamp="2020-12-15T23:11:31 IST" time="56.375" errors="0">
  <testcase name="createnewcontact" time="14.218" classname="com.qa.hubspot.tests.contactsPageTest"/>
  <system-out/>
  <testcase name="createnewcontact" time="14.048" classname="com.qa.hubspot.tests.contactsPageTest"/>
  <system-out/>
  <testcase name="createnewcontact" time="14.255" classname="com.qa.hubspot.tests.contactsPageTest"/>
  <system-out/>
  <testcase name="createnewcontact" time="13.854" classname="com.qa.hubspot.tests.contactsPageTest"/>
  <system-out/>
</testsuite> <!-- com.qa.hubspot.tests.contactsPageTest -->
