<?xml version="1.0" encoding="UTF-8"?>
<!-- Generated by org.testng.reporters.JUnitReportReporter -->
<testsuite skipped="0" hostname="DESKTOP-TQII0PK" name="com.qa.hubspot.tests.loginPageTest" tests="3" failures="0" timestamp="2020-12-14T17:54:11 IST" time="4.387" errors="0">
  <testcase name="gettitle" time="0.022" classname="com.qa.hubspot.tests.loginPageTest"/>
  <system-out/>
  <testcase name="checksignuplink" time="0.002" classname="com.qa.hubspot.tests.loginPageTest"/>
  <system-out/>
  <testcase name="loginpagetest" time="4.363" classname="com.qa.hubspot.tests.loginPageTest"/>
  <system-out/>
</testsuite> <!-- com.qa.hubspot.tests.loginPageTest -->
