<?xml version="1.0" encoding="UTF-8"?>
<!-- Generated by org.testng.reporters.JUnitReportReporter -->
<testsuite skipped="0" hostname="DESKTOP-TQII0PK" name="com.qa.hubspot.tests.homePageTest" tests="2" failures="0" timestamp="2020-12-14T17:54:11 IST" time="11.097" errors="0">
  <testcase name="verifyheaderTitle" time="3.054" classname="com.qa.hubspot.tests.homePageTest"/>
  <system-out/>
  <testcase name="verifyHomePageusername" time="8.043" classname="com.qa.hubspot.tests.homePageTest"/>
  <system-out/>
</testsuite> <!-- com.qa.hubspot.tests.homePageTest -->
