<?xml version="1.0" encoding="UTF-8"?>
<!-- Generated by org.testng.reporters.JUnitReportReporter -->
<testsuite skipped="0" hostname="DESKTOP-TQII0PK" name="com.qa.hubspot.tests.homePageTest" tests="3" failures="0" timestamp="2020-12-16T07:12:13 IST" time="24.270" errors="0">
  <testcase name="gotocontact" time="8.078" classname="com.qa.hubspot.tests.homePageTest"/>
  <system-out/>
  <testcase name="verifyheaderTitle" time="8.122" classname="com.qa.hubspot.tests.homePageTest"/>
  <system-out/>
  <testcase name="verifyHomePageusername" time="8.070" classname="com.qa.hubspot.tests.homePageTest"/>
  <system-out/>
</testsuite> <!-- com.qa.hubspot.tests.homePageTest -->
