<?xml version="1.0" encoding="UTF-8"?>
<!-- Generated by org.testng.reporters.JUnitReportReporter -->
<testsuite skipped="0" hostname="DESKTOP-TQII0PK" name="com.qa.hubspot.tests.contactsPageTest" tests="4" failures="0" timestamp="24 Dec 2020 03:36:15 GMT" time="55.531" errors="0">
  <testcase name="createnewcontact" time="14.094" classname="com.qa.hubspot.tests.contactsPageTest"/>
  <testcase name="createnewcontact" time="14.109" classname="com.qa.hubspot.tests.contactsPageTest"/>
  <testcase name="createnewcontact" time="13.708" classname="com.qa.hubspot.tests.contactsPageTest"/>
  <testcase name="createnewcontact" time="13.620" classname="com.qa.hubspot.tests.contactsPageTest"/>
</testsuite> <!-- com.qa.hubspot.tests.contactsPageTest -->
