<?xml version="1.0" encoding="UTF-8"?>
<!-- Generated by org.testng.reporters.JUnitReportReporter -->
<testsuite skipped="0" hostname="DESKTOP-TQII0PK" name="com.qa.hubspot.tests.loginPageTest" tests="3" failures="0" timestamp="24 Dec 2020 02:03:45 GMT" time="4.386" errors="0">
  <testcase name="gettitle" time="0.085" classname="com.qa.hubspot.tests.loginPageTest"/>
  <testcase name="checksignuplink" time="0.002" classname="com.qa.hubspot.tests.loginPageTest"/>
  <testcase name="loginpagetest" time="4.299" classname="com.qa.hubspot.tests.loginPageTest"/>
</testsuite> <!-- com.qa.hubspot.tests.loginPageTest -->
