<?xml version="1.0" encoding="UTF-8"?>
<!-- Generated by org.testng.reporters.JUnitReportReporter -->
<testsuite skipped="0" hostname="DESKTOP-TQII0PK" name="com.qa.hubspot.tests.homePageTest" tests="3" failures="0" timestamp="24 Dec 2020 02:12:27 GMT" time="24.012" errors="0">
  <testcase name="verifyHomePageusername" time="8.065" classname="com.qa.hubspot.tests.homePageTest"/>
  <testcase name="gotocontact" time="7.854" classname="com.qa.hubspot.tests.homePageTest"/>
  <testcase name="verifyheaderTitle" time="8.093" classname="com.qa.hubspot.tests.homePageTest"/>
</testsuite> <!-- com.qa.hubspot.tests.homePageTest -->
