<?xml version="1.0" encoding="UTF-8"?>
<!-- Generated by org.testng.reporters.JUnitReportReporter -->
<testsuite skipped="0" hostname="DESKTOP-TQII0PK" name="com.qa.hubspot.tests.contactsPageTest" tests="4" failures="0" timestamp="24 Dec 2020 02:12:27 GMT" time="53.399" errors="0">
  <testcase name="createnewcontact" time="13.104" classname="com.qa.hubspot.tests.contactsPageTest"/>
  <testcase name="createnewcontact" time="13.370" classname="com.qa.hubspot.tests.contactsPageTest"/>
  <testcase name="createnewcontact" time="13.489" classname="com.qa.hubspot.tests.contactsPageTest"/>
  <testcase name="createnewcontact" time="13.436" classname="com.qa.hubspot.tests.contactsPageTest"/>
</testsuite> <!-- com.qa.hubspot.tests.contactsPageTest -->
